<?xml version="1.0" encoding="UTF-8"?>
<!-- Generated by org.testng.reporters.JUnitXMLReporter -->
<testsuite ignored="0" hostname="CLW606-959" failures="1" tests="2" name="OpenCartTests" time="23.433" errors="0" timestamp="2022-12-15T22:49:55 IST">
  <testcase classname="testCases.TC_001_AccountRegistrationTest" name="test_Account_Registration" time="1.747"/>
  <testcase classname="testCases.TC_002_LoginTest" name="test_Login" time="10.715">
    <failure type="java.lang.AssertionError" message="Invalid credentials expected [true] but found [false]">
      <![CDATA[java.lang.AssertionError: Invalid credentials expected [true] but found [false]
at testCases.TC_002_LoginTest.test_Login(TC_002_LoginTest.java:36)
at java.base/java.util.ArrayList.forEach(ArrayList.java:1511)
... Removed 32 stack frames]]>
    </failure>
  </testcase> <!-- test_Login -->
</testsuite> <!-- OpenCartTests -->
